<?xml version="1.0" encoding="UTF-8"?>
<testng-results total="1" passed="1" failed="0" skipped="0">
  <reporter-output>
  </reporter-output>
  <suite started-at="2023-06-16T11:42:17Z" name="Default suite" finished-at="2023-06-16T11:42:55Z" duration-ms="37964">
    <groups>
    </groups>
    <test started-at="2023-06-16T11:42:17Z" name="Default test" finished-at="2023-06-16T11:42:55Z" duration-ms="37964">
      <class name="juspayJioMart.JioMartOrderProductTest">
        <test-method signature="automateJioMartWalletPay()[pri:0, instance:juspayJioMart.JioMartOrderProductTest@25f4878b]" started-at="2023-06-16T17:12:17Z" name="automateJioMartWalletPay" finished-at="2023-06-16T17:12:55Z" duration-ms="37954" status="PASS">
          <reporter-output>
          </reporter-output>
        </test-method> <!-- automateJioMartWalletPay -->
      </class> <!-- juspayJioMart.JioMartOrderProductTest -->
    </test> <!-- Default test -->
  </suite> <!-- Default suite -->
</testng-results>
